PhantomJS is launching GhostDriver...
Ghost Driver running on port 50355
Asynchronous Sessions cleanup phase starting NOW
Asynchronous Sessions cleanup phase starting NOW
Asynchronous Sessions cleanup phase starting NOW
Asynchronous Sessions cleanup phase starting NOW
Asynchronous Sessions cleanup phase starting NOW
Asynchronous Sessions cleanup phase starting NOW
Asynchronous Sessions cleanup phase starting NOW
Asynchronous Sessions cleanup phase starting NOW
Asynchronous Sessions cleanup phase starting NOW
Asynchronous Sessions cleanup phase starting NOW
Asynchronous Sessions cleanup phase starting NOW
Asynchronous Sessions cleanup phase starting NOW
Asynchronous Sessions cleanup phase starting NOW
Asynchronous Sessions cleanup phase starting NOW
Asynchronous Sessions cleanup phase starting NOW
Asynchronous Sessions cleanup phase starting NOW
Asynchronous Sessions cleanup phase starting NOW
Asynchronous Sessions cleanup phase starting NOW
Asynchronous Sessions cleanup phase starting NOW
Asynchronous Sessions cleanup phase starting NOW
Asynchronous Sessions cleanup phase starting NOW
Asynchronous Sessions cleanup phase starting NOW
Asynchronous Sessions cleanup phase starting NOW
Asynchronous Sessions cleanup phase starting NOW
Asynchronous Sessions cleanup phase starting NOW
Asynchronous Sessions cleanup phase starting NOW
Asynchronous Sessions cleanup phase starting NOW
Asynchronous Sessions cleanup phase starting NOW
Asynchronous Sessions cleanup phase starting NOW
Asynchronous Sessions cleanup phase starting NOW
Asynchronous Sessions cleanup phase starting NOW
Asynchronous Sessions cleanup phase starting NOW
Asynchronous Sessions cleanup phase starting NOW
Asynchronous Sessions cleanup phase starting NOW
Asynchronous Sessions cleanup phase starting NOW
Asynchronous Sessions cleanup phase starting NOW
Asynchronous Sessions cleanup phase starting NOW
Asynchronous Sessions cleanup phase starting NOW
Asynchronous Sessions cleanup phase starting NOW
Asynchronous Sessions cleanup phase starting NOW
&sid=reh%2Cihu%2Cm08\\\", \\\"sessionId\\\": \\\"96a192a0-8a43-11e3-a30c-8be559aef937\\\"}\",\"url\":\"/session/96a192a0-8a43-11e3-a30c-8be559aef937/url\",\"urlParsed\":{\"anchor\":\"\",\"query\":\"\",\"file\":\"url\",\"directory\":\"/session/96a192a0-8a43-11e3-a30c-8be559aef937/\",\"path\":\"/session/96a192a0-8a43-11e3-a30c-8be559aef937/url\",\"relative\":\"/session/96a192a0-8a43-11e3-a30c-8be559aef937/url\",\"port\":\"\",\"host\":\"\",\"password\":\"\",\"user\":\"\",\"userInfo\":\"\",\"authority\":\"\",\"protocol\":\"\",\"source\":\"/session/96a192a0-8a43-11e3-a30c-8be559aef937/url\",\"queryKey\":{},\"chunks\":[\"session\",\"96a192a0-8a43-11e3-a30c-8be559aef937\",\"url\"]}}\n    at :/ghostdriver/request_handlers/router_request_handler.js:81",
  "stackArray": [
    {
      "sourceURL": ":/ghostdriver/request_handlers/router_request_handler.js",
      "line": 81
    }
  ]
}
